<?xml version="1.0" encoding="UTF-8"?>
<!-- Generated by org.testng.reporters.JUnitXMLReporter -->
<testsuite ignored="0" hostname="MacBook-Air-Aleksej.local" failures="0" tests="12" name="Surefire test" time="0.216" errors="0" timestamp="2023-01-13T00:24:30 MSK">
  <testcase classname="ru.netology.RepoTest" name="testRemoveByIdExists" time="0.024"/>
  <testcase classname="ru.netology.RepoTest" name="testSaveEx" time="0.006"/>
  <testcase classname="ru.netology.RepoTest" name="testSaveProduct" time="0.001"/>
  <testcase classname="ru.netology.RepoTest" name="testViewEx" time="0.001"/>
  <testcase classname="ru.netology.ProductManagerTest" name="shouldSearchByBook" time="0.037"/>
  <testcase classname="ru.netology.ProductManagerTest" name="shouldSearchByExist" time="0.002"/>
  <testcase classname="ru.netology.ProductManagerTest" name="shouldSearchByExistBook" time="0.001"/>
  <testcase classname="ru.netology.ProductManagerTest" name="shouldSearchByExistSmart" time="0.0"/>
  <testcase classname="ru.netology.ProductManagerTest" name="shouldSearchByNotExist" time="0.001"/>
  <testcase classname="ru.netology.ProductManagerTest" name="shouldSearchBySmart" time="0.002"/>
  <testcase classname="ru.netology.ProductManagerTest" name="shouldSearchByTwoExist" time="0.002"/>
  <testcase classname="ru.netology.ProductManagerTest" name="testAddProduct" time="0.008"/>
</testsuite> <!-- Surefire test -->
