<?xml version="1.0" encoding="UTF-8"?>
<testsuite xmlns:xsi="http://www.w3.org/2001/XMLSchema-instance" xsi:noNamespaceSchemaLocation="https://maven.apache.org/surefire/maven-surefire-plugin/xsd/surefire-test-report.xsd" name="TestSuite" time="3.159" tests="12" errors="0" skipped="0" failures="0">
  <properties>
[...]
</properties>
  <testcase name="testRemoveByIdExists" classname="ru.netology.RepoTest" time="0.025"/>
  <testcase name="testSaveEx" classname="ru.netology.RepoTest" time="0.006"/>
  <testcase name="testSaveProduct" classname="ru.netology.RepoTest" time="0"/>
  <testcase name="testViewEx" classname="ru.netology.RepoTest" time="0.001"/>
  <testcase name="shouldSearchByBook" classname="ru.netology.ProductManagerTest" time="0.039"/>
  <testcase name="shouldSearchByExist" classname="ru.netology.ProductManagerTest" time="0.002"/>
  <testcase name="shouldSearchByExistBook" classname="ru.netology.ProductManagerTest" time="0.005"/>
  <testcase name="shouldSearchByExistSmart" classname="ru.netology.ProductManagerTest" time="0"/>
  <testcase name="shouldSearchByNotExist" classname="ru.netology.ProductManagerTest" time="0"/>
  <testcase name="shouldSearchBySmart" classname="ru.netology.ProductManagerTest" time="0"/>
  <testcase name="shouldSearchByTwoExist" classname="ru.netology.ProductManagerTest" time="0.003"/>
  <testcase name="testAddProduct" classname="ru.netology.ProductManagerTest" time="0.009"/>
</testsuite>